nov. 26, 2024 10:41:57 AM com.print.Print.controler.business.comunicaTiny.Comunica verificaConexao
INFO: verificando conexao
nov. 26, 2024 10:41:57 AM com.print.Print.controler.business.comunicaTiny.Comunica getSeparacao
INFO: Buscando separacao
nov. 26, 2024 10:41:58 AM com.print.Print.controler.business.comunicaTiny.Comunica getSeparacao
INFO: busca de separacao concluida
nov. 26, 2024 10:41:58 AM com.print.Print.controler.business.comunicaTiny.Comunica verificaConexao
INFO: Retorno da buscanull
nov. 26, 2024 10:41:58 AM com.print.Print.controler.business.comunicaTiny.Comunica getSeparacao
INFO: Buscando separacao
nov. 26, 2024 10:41:58 AM com.print.Print.controler.business.comunicaTiny.Comunica getSeparacao
INFO: busca de separacao concluida
nov. 26, 2024 10:41:58 AM com.print.Print.controler.business.comunicaTiny.Comunica getSeparacao
INFO: Buscando separacao
nov. 26, 2024 10:41:58 AM com.print.Print.controler.business.comunicaTiny.Comunica getSeparacao
INFO: busca de separacao concluida
nov. 26, 2024 10:41:58 AM com.print.Print.controler.business.comunicaTiny.Comunica getSeparacao
INFO: Buscando separacao
nov. 26, 2024 10:41:59 AM com.print.Print.controler.business.comunicaTiny.Comunica getSeparacao
INFO: busca de separacao concluida
nov. 26, 2024 10:41:59 AM com.print.Print.controler.business.comunicaTiny.Comunica getSeparacao
INFO: Buscando separacao
nov. 26, 2024 10:41:59 AM com.print.Print.controler.business.comunicaTiny.Comunica getSeparacao
INFO: busca de separacao concluida
nov. 26, 2024 10:41:59 AM com.print.Print.controler.business.comunicaTiny.Comunica getSeparacao
INFO: Buscando separacao
nov. 26, 2024 10:42:00 AM com.print.Print.controler.business.comunicaTiny.Comunica getSeparacao
INFO: busca de separacao concluida
nov. 26, 2024 10:42:00 AM com.print.Print.controler.business.comunicaTiny.Comunica getSeparacao
INFO: Buscando separacao
nov. 26, 2024 10:42:00 AM com.print.Print.controler.business.comunicaTiny.Comunica getSeparacao
INFO: busca de separacao concluida
nov. 26, 2024 10:42:00 AM com.print.Print.controler.business.comunicaTiny.Comunica getSeparacao
INFO: Buscando separacao
nov. 26, 2024 10:42:00 AM com.print.Print.controler.business.comunicaTiny.Comunica getSeparacao
INFO: busca de separacao concluida
nov. 26, 2024 10:42:00 AM com.print.Print.controler.business.comunicaTiny.Comunica getSeparacao
INFO: Buscando separacao
nov. 26, 2024 10:42:01 AM com.print.Print.controler.business.comunicaTiny.Comunica getSeparacao
INFO: busca de separacao concluida
nov. 26, 2024 10:42:01 AM com.print.Print.controler.business.comunicaTiny.Comunica getSeparacao
INFO: Buscando separacao
nov. 26, 2024 10:42:01 AM com.print.Print.controler.business.comunicaTiny.Comunica getSeparacao
INFO: busca de separacao concluida
nov. 26, 2024 10:42:01 AM com.print.Print.controler.business.comunicaTiny.Comunica getSeparacao
INFO: Buscando separacao
nov. 26, 2024 10:42:02 AM com.print.Print.controler.business.comunicaTiny.Comunica getSeparacao
INFO: busca de separacao concluida
nov. 26, 2024 10:42:02 AM com.print.Print.controler.business.comunicaTiny.Comunica getExpedicao
INFO: Buscando expedicao
nov. 26, 2024 10:42:02 AM com.print.Print.controler.business.comunicaTiny.Comunica getExpedicao
INFO: Busca de expedicao concluida
nov. 26, 2024 10:42:02 AM com.print.Print.controler.business.comunicaTiny.Comunica getExpedicao
INFO: Buscando expedicao
nov. 26, 2024 10:42:03 AM com.print.Print.controler.business.comunicaTiny.Comunica getExpedicao
INFO: Busca de expedicao concluida
nov. 26, 2024 10:42:03 AM com.print.Print.controler.business.comunicaTiny.Comunica getEtiqueta
INFO: buscando etiqueta
nov. 26, 2024 10:42:05 AM com.print.Print.controler.business.comunicaTiny.Comunica getEtiqueta
INFO: retorno da busca{"retorno":{"status_processamento":"3","status":"OK","links":[{"link":"https:\/\/s3.amazonaws.com\/tiny-tmp-us\/erp\/ODMxNjAxNTQz\/api\/etiquetas\/89a19a458ad7e13b20a8d5eec01cdf00.zip"}]}}
nov. 26, 2024 10:42:05 AM com.print.Print.controler.business.comunicaTiny.Comunica getExpedicao
INFO: Buscando expedicao
nov. 26, 2024 10:42:06 AM com.print.Print.controler.business.comunicaTiny.Comunica getExpedicao
INFO: Busca de expedicao concluida
nov. 26, 2024 10:42:06 AM com.print.Print.controler.business.comunicaTiny.Comunica getEtiqueta
INFO: buscando etiqueta
nov. 26, 2024 10:42:07 AM com.print.Print.controler.business.comunicaTiny.Comunica getEtiqueta
INFO: retorno da busca{"retorno":{"status_processamento":"3","status":"OK","links":[{"link":"https:\/\/s3.amazonaws.com\/tiny-tmp-us\/erp\/ODMxNjAxNTQz\/api\/etiquetas\/6ef3724d1de592c7ba34d5915a4dde72.pdf"}]}}
nov. 26, 2024 10:42:07 AM com.print.Print.controler.business.comunicaTiny.Comunica getExpedicao
INFO: Buscando expedicao
nov. 26, 2024 10:42:07 AM com.print.Print.controler.business.comunicaTiny.Comunica getExpedicao
INFO: Busca de expedicao concluida
nov. 26, 2024 10:42:07 AM com.print.Print.controler.business.comunicaTiny.Comunica getEtiqueta
INFO: buscando etiqueta
nov. 26, 2024 10:42:09 AM com.print.Print.controler.business.comunicaTiny.Comunica getEtiqueta
INFO: retorno da busca{"retorno":{"status_processamento":"3","status":"OK","links":[{"link":"https:\/\/s3.amazonaws.com\/tiny-tmp-us\/erp\/ODMxNjAxNTQz\/api\/etiquetas\/b64be3a21e6c475d7beb72a710061259.pdf"}]}}
nov. 26, 2024 10:42:09 AM com.print.Print.controler.business.comunicaTiny.Comunica getExpedicao
INFO: Buscando expedicao
nov. 26, 2024 10:42:09 AM com.print.Print.controler.business.comunicaTiny.Comunica getExpedicao
INFO: Busca de expedicao concluida
nov. 26, 2024 10:42:09 AM com.print.Print.controler.business.comunicaTiny.Comunica getEtiqueta
INFO: buscando etiqueta
nov. 26, 2024 10:42:11 AM com.print.Print.controler.business.comunicaTiny.Comunica getEtiqueta
INFO: retorno da busca{"retorno":{"status_processamento":"3","status":"OK","links":[{"link":"https:\/\/s3.amazonaws.com\/tiny-tmp-us\/erp\/ODMxNjAxNTQz\/api\/etiquetas\/3a50f6db46389a423d7ce259610ddb89.pdf"}]}}
nov. 26, 2024 10:42:11 AM com.print.Print.controler.business.comunicaTiny.Comunica getExpedicao
INFO: Buscando expedicao
nov. 26, 2024 10:42:11 AM com.print.Print.controler.business.comunicaTiny.Comunica getExpedicao
INFO: Busca de expedicao concluida
nov. 26, 2024 10:42:11 AM com.print.Print.controler.business.comunicaTiny.Comunica getEtiqueta
INFO: buscando etiqueta
nov. 26, 2024 10:42:12 AM com.print.Print.controler.business.comunicaTiny.Comunica getEtiqueta
INFO: retorno da busca{"retorno":{"status_processamento":"3","status":"OK","links":[{"link":"https:\/\/s3.amazonaws.com\/tiny-tmp-us\/erp\/ODMxNjAxNTQz\/api\/etiquetas\/7775ab6bc170b5937751c4a37229c065.pdf"}]}}
nov. 26, 2024 10:42:12 AM com.print.Print.controler.business.comunicaTiny.Comunica getExpedicao
INFO: Buscando expedicao
nov. 26, 2024 10:42:13 AM com.print.Print.controler.business.comunicaTiny.Comunica getExpedicao
INFO: Busca de expedicao concluida
nov. 26, 2024 10:42:13 AM com.print.Print.controler.business.comunicaTiny.Comunica getEtiqueta
INFO: buscando etiqueta
nov. 26, 2024 10:42:14 AM com.print.Print.controler.business.comunicaTiny.Comunica getEtiqueta
INFO: retorno da busca{"retorno":{"status_processamento":"3","status":"OK","links":[{"link":"https:\/\/s3.amazonaws.com\/tiny-tmp-us\/erp\/ODMxNjAxNTQz\/api\/etiquetas\/bcaaa5499c5df68118a82d6bc9da2f77.pdf"}]}}
nov. 26, 2024 10:42:14 AM com.print.Print.controler.business.comunicaTiny.Comunica getExpedicao
INFO: Buscando expedicao
nov. 26, 2024 10:42:14 AM com.print.Print.controler.business.comunicaTiny.Comunica getExpedicao
INFO: Busca de expedicao concluida
nov. 26, 2024 10:42:14 AM com.print.Print.controler.business.comunicaTiny.Comunica getEtiqueta
INFO: buscando etiqueta
nov. 26, 2024 10:42:16 AM com.print.Print.controler.business.comunicaTiny.Comunica getEtiqueta
INFO: retorno da busca{"retorno":{"status_processamento":"3","status":"OK","links":[{"link":"https:\/\/s3.amazonaws.com\/tiny-tmp-us\/erp\/ODMxNjAxNTQz\/api\/etiquetas\/bdbcdcfe0ea845570ac0cb102e448303.pdf"}]}}
nov. 26, 2024 10:42:16 AM com.print.Print.controler.business.comunicaTiny.Comunica getExpedicao
INFO: Buscando expedicao
nov. 26, 2024 10:42:16 AM com.print.Print.controler.business.comunicaTiny.Comunica getExpedicao
INFO: Busca de expedicao concluida
nov. 26, 2024 10:42:16 AM com.print.Print.controler.business.comunicaTiny.Comunica getEtiqueta
INFO: buscando etiqueta
nov. 26, 2024 10:42:17 AM com.print.Print.controler.business.comunicaTiny.Comunica getEtiqueta
INFO: retorno da busca{"retorno":{"status_processamento":"3","status":"OK","links":[{"link":"https:\/\/s3.amazonaws.com\/tiny-tmp-us\/erp\/ODMxNjAxNTQz\/api\/etiquetas\/782b1fdfb27c089948847ab9a27b770c.pdf"}]}}
nov. 26, 2024 10:42:17 AM com.print.Print.controler.business.comunicaTiny.Comunica getExpedicao
INFO: Buscando expedicao
nov. 26, 2024 10:42:17 AM com.print.Print.controler.business.comunicaTiny.Comunica getExpedicao
INFO: Busca de expedicao concluida
nov. 26, 2024 10:42:17 AM com.print.Print.controler.business.comunicaTiny.Comunica getEtiqueta
INFO: buscando etiqueta
nov. 26, 2024 10:42:18 AM com.print.Print.controler.business.comunicaTiny.Comunica getEtiqueta
INFO: retorno da busca{"retorno":{"status_processamento":"3","status":"OK","links":[{"link":"https:\/\/s3.amazonaws.com\/tiny-tmp-us\/erp\/ODMxNjAxNTQz\/api\/etiquetas\/87c7159c9891447b4fab462cc6f54c41.pdf"}]}}
nov. 26, 2024 10:44:05 AM com.print.Print.controler.business.comunicaTiny.Comunica verificaConexao
INFO: verificando conexao
nov. 26, 2024 10:44:05 AM com.print.Print.controler.business.comunicaTiny.Comunica getSeparacao
INFO: Buscando separacao
nov. 26, 2024 10:44:05 AM com.print.Print.controler.business.comunicaTiny.Comunica getSeparacao
INFO: busca de separacao concluida
nov. 26, 2024 10:44:05 AM com.print.Print.controler.business.comunicaTiny.Comunica verificaConexao
INFO: Retorno da buscanull
nov. 26, 2024 10:44:05 AM com.print.Print.controler.business.comunicaTiny.Comunica getSeparacao
INFO: Buscando separacao
nov. 26, 2024 10:44:06 AM com.print.Print.controler.business.comunicaTiny.Comunica getSeparacao
INFO: busca de separacao concluida
nov. 26, 2024 10:44:06 AM com.print.Print.controler.business.comunicaTiny.Comunica getSeparacao
INFO: Buscando separacao
nov. 26, 2024 10:44:06 AM com.print.Print.controler.business.comunicaTiny.Comunica getSeparacao
INFO: busca de separacao concluida
nov. 26, 2024 10:44:06 AM com.print.Print.controler.business.comunicaTiny.Comunica getSeparacao
INFO: Buscando separacao
nov. 26, 2024 10:44:07 AM com.print.Print.controler.business.comunicaTiny.Comunica getSeparacao
INFO: busca de separacao concluida
nov. 26, 2024 10:44:07 AM com.print.Print.controler.business.comunicaTiny.Comunica getSeparacao
INFO: Buscando separacao
nov. 26, 2024 10:44:07 AM com.print.Print.controler.business.comunicaTiny.Comunica getSeparacao
INFO: busca de separacao concluida
nov. 26, 2024 10:44:07 AM com.print.Print.controler.business.comunicaTiny.Comunica getSeparacao
INFO: Buscando separacao
nov. 26, 2024 10:44:08 AM com.print.Print.controler.business.comunicaTiny.Comunica getSeparacao
INFO: busca de separacao concluida
nov. 26, 2024 10:44:08 AM com.print.Print.controler.business.comunicaTiny.Comunica getSeparacao
INFO: Buscando separacao
nov. 26, 2024 10:44:08 AM com.print.Print.controler.business.comunicaTiny.Comunica getSeparacao
INFO: busca de separacao concluida
nov. 26, 2024 10:44:08 AM com.print.Print.controler.business.comunicaTiny.Comunica getSeparacao
INFO: Buscando separacao
nov. 26, 2024 10:44:09 AM com.print.Print.controler.business.comunicaTiny.Comunica getSeparacao
INFO: busca de separacao concluida
nov. 26, 2024 10:44:09 AM com.print.Print.controler.business.comunicaTiny.Comunica getSeparacao
INFO: Buscando separacao
nov. 26, 2024 10:44:09 AM com.print.Print.controler.business.comunicaTiny.Comunica getSeparacao
INFO: busca de separacao concluida
nov. 26, 2024 10:44:09 AM com.print.Print.controler.business.comunicaTiny.Comunica getSeparacao
INFO: Buscando separacao
nov. 26, 2024 10:44:10 AM com.print.Print.controler.business.comunicaTiny.Comunica getSeparacao
INFO: busca de separacao concluida
nov. 26, 2024 10:44:10 AM com.print.Print.controler.business.comunicaTiny.Comunica getSeparacao
INFO: Buscando separacao
nov. 26, 2024 10:44:10 AM com.print.Print.controler.business.comunicaTiny.Comunica getSeparacao
INFO: busca de separacao concluida
nov. 26, 2024 10:44:10 AM com.print.Print.controler.business.comunicaTiny.Comunica getExpedicao
INFO: Buscando expedicao
nov. 26, 2024 10:44:11 AM com.print.Print.controler.business.comunicaTiny.Comunica getExpedicao
INFO: Busca de expedicao concluida
nov. 26, 2024 10:44:16 AM com.print.Print.controler.business.comunicaTiny.Comunica verificaConexao
INFO: verificando conexao
nov. 26, 2024 10:44:16 AM com.print.Print.controler.business.comunicaTiny.Comunica getSeparacao
INFO: Buscando separacao
nov. 26, 2024 10:44:16 AM com.print.Print.controler.business.comunicaTiny.Comunica getSeparacao
INFO: busca de separacao concluida
nov. 26, 2024 10:44:16 AM com.print.Print.controler.business.comunicaTiny.Comunica verificaConexao
INFO: Retorno da buscanull
nov. 26, 2024 10:44:16 AM com.print.Print.controler.business.comunicaTiny.Comunica getSeparacao
INFO: Buscando separacao
nov. 26, 2024 10:44:17 AM com.print.Print.controler.business.comunicaTiny.Comunica getSeparacao
INFO: busca de separacao concluida
nov. 26, 2024 10:44:17 AM com.print.Print.controler.business.comunicaTiny.Comunica getSeparacao
INFO: Buscando separacao
nov. 26, 2024 10:44:17 AM com.print.Print.controler.business.comunicaTiny.Comunica getSeparacao
INFO: busca de separacao concluida
nov. 26, 2024 10:44:17 AM com.print.Print.controler.business.comunicaTiny.Comunica getSeparacao
INFO: Buscando separacao
nov. 26, 2024 10:44:18 AM com.print.Print.controler.business.comunicaTiny.Comunica getSeparacao
INFO: busca de separacao concluida
nov. 26, 2024 10:44:18 AM com.print.Print.controler.business.comunicaTiny.Comunica getSeparacao
INFO: Buscando separacao
nov. 26, 2024 10:44:18 AM com.print.Print.controler.business.comunicaTiny.Comunica getSeparacao
INFO: busca de separacao concluida
nov. 26, 2024 10:44:18 AM com.print.Print.controler.business.comunicaTiny.Comunica getSeparacao
INFO: Buscando separacao
nov. 26, 2024 10:44:19 AM com.print.Print.controler.business.comunicaTiny.Comunica getSeparacao
INFO: busca de separacao concluida
nov. 26, 2024 10:44:19 AM com.print.Print.controler.business.comunicaTiny.Comunica getSeparacao
INFO: Buscando separacao
nov. 26, 2024 10:44:19 AM com.print.Print.controler.business.comunicaTiny.Comunica getSeparacao
INFO: busca de separacao concluida
nov. 26, 2024 10:44:19 AM com.print.Print.controler.business.comunicaTiny.Comunica getSeparacao
INFO: Buscando separacao
nov. 26, 2024 10:44:19 AM com.print.Print.controler.business.comunicaTiny.Comunica getSeparacao
INFO: busca de separacao concluida
nov. 26, 2024 10:44:19 AM com.print.Print.controler.business.comunicaTiny.Comunica getSeparacao
INFO: Buscando separacao
nov. 26, 2024 10:44:20 AM com.print.Print.controler.business.comunicaTiny.Comunica getSeparacao
INFO: busca de separacao concluida
nov. 26, 2024 10:44:20 AM com.print.Print.controler.business.comunicaTiny.Comunica getSeparacao
INFO: Buscando separacao
nov. 26, 2024 10:44:20 AM com.print.Print.controler.business.comunicaTiny.Comunica getSeparacao
INFO: busca de separacao concluida
nov. 26, 2024 10:44:20 AM com.print.Print.controler.business.comunicaTiny.Comunica getSeparacao
INFO: Buscando separacao
nov. 26, 2024 10:44:21 AM com.print.Print.controler.business.comunicaTiny.Comunica getSeparacao
INFO: busca de separacao concluida
nov. 26, 2024 10:44:21 AM com.print.Print.controler.business.comunicaTiny.Comunica getExpedicao
INFO: Buscando expedicao
nov. 26, 2024 10:44:21 AM com.print.Print.controler.business.comunicaTiny.Comunica getExpedicao
INFO: Busca de expedicao concluida
nov. 26, 2024 10:44:26 AM com.print.Print.controler.business.comunicaTiny.Comunica verificaConexao
INFO: verificando conexao
nov. 26, 2024 10:44:26 AM com.print.Print.controler.business.comunicaTiny.Comunica getSeparacao
INFO: Buscando separacao
nov. 26, 2024 10:44:26 AM com.print.Print.controler.business.comunicaTiny.Comunica getSeparacao
INFO: busca de separacao concluida
nov. 26, 2024 10:44:26 AM com.print.Print.controler.business.comunicaTiny.Comunica verificaConexao
INFO: Retorno da buscanull
nov. 26, 2024 10:44:26 AM com.print.Print.controler.business.comunicaTiny.Comunica getSeparacao
INFO: Buscando separacao
nov. 26, 2024 10:44:27 AM com.print.Print.controler.business.comunicaTiny.Comunica getSeparacao
INFO: busca de separacao concluida
nov. 26, 2024 10:44:27 AM com.print.Print.controler.business.comunicaTiny.Comunica getSeparacao
INFO: Buscando separacao
nov. 26, 2024 10:44:27 AM com.print.Print.controler.business.comunicaTiny.Comunica getSeparacao
INFO: busca de separacao concluida
nov. 26, 2024 10:44:27 AM com.print.Print.controler.business.comunicaTiny.Comunica getSeparacao
INFO: Buscando separacao
nov. 26, 2024 10:44:28 AM com.print.Print.controler.business.comunicaTiny.Comunica getSeparacao
INFO: busca de separacao concluida
nov. 26, 2024 10:44:28 AM com.print.Print.controler.business.comunicaTiny.Comunica getSeparacao
INFO: Buscando separacao
nov. 26, 2024 10:44:28 AM com.print.Print.controler.business.comunicaTiny.Comunica getSeparacao
INFO: busca de separacao concluida
nov. 26, 2024 10:44:28 AM com.print.Print.controler.business.comunicaTiny.Comunica getSeparacao
INFO: Buscando separacao
nov. 26, 2024 10:44:28 AM com.print.Print.controler.business.comunicaTiny.Comunica getSeparacao
INFO: busca de separacao concluida
nov. 26, 2024 10:44:28 AM com.print.Print.controler.business.comunicaTiny.Comunica getSeparacao
INFO: Buscando separacao
nov. 26, 2024 10:44:29 AM com.print.Print.controler.business.comunicaTiny.Comunica getSeparacao
INFO: busca de separacao concluida
nov. 26, 2024 10:44:29 AM com.print.Print.controler.business.comunicaTiny.Comunica getSeparacao
INFO: Buscando separacao
nov. 26, 2024 10:44:29 AM com.print.Print.controler.business.comunicaTiny.Comunica getSeparacao
INFO: busca de separacao concluida
nov. 26, 2024 10:44:29 AM com.print.Print.controler.business.comunicaTiny.Comunica getSeparacao
INFO: Buscando separacao
nov. 26, 2024 10:44:30 AM com.print.Print.controler.business.comunicaTiny.Comunica getSeparacao
INFO: busca de separacao concluida
nov. 26, 2024 10:44:30 AM com.print.Print.controler.business.comunicaTiny.Comunica getSeparacao
INFO: Buscando separacao
nov. 26, 2024 10:44:30 AM com.print.Print.controler.business.comunicaTiny.Comunica getSeparacao
INFO: busca de separacao concluida
nov. 26, 2024 10:44:30 AM com.print.Print.controler.business.comunicaTiny.Comunica getSeparacao
INFO: Buscando separacao
nov. 26, 2024 10:44:30 AM com.print.Print.controler.business.comunicaTiny.Comunica getSeparacao
INFO: busca de separacao concluida
nov. 26, 2024 10:44:30 AM com.print.Print.controler.business.comunicaTiny.Comunica getExpedicao
INFO: Buscando expedicao
nov. 26, 2024 10:44:31 AM com.print.Print.controler.business.comunicaTiny.Comunica getExpedicao
INFO: Busca de expedicao concluida
nov. 26, 2024 10:44:36 AM com.print.Print.controler.business.comunicaTiny.Comunica verificaConexao
INFO: verificando conexao
nov. 26, 2024 10:44:36 AM com.print.Print.controler.business.comunicaTiny.Comunica getSeparacao
INFO: Buscando separacao
nov. 26, 2024 10:44:36 AM com.print.Print.controler.business.comunicaTiny.Comunica getSeparacao
INFO: busca de separacao concluida
nov. 26, 2024 10:44:36 AM com.print.Print.controler.business.comunicaTiny.Comunica verificaConexao
INFO: Retorno da buscanull
nov. 26, 2024 10:44:36 AM com.print.Print.controler.business.comunicaTiny.Comunica getSeparacao
INFO: Buscando separacao
nov. 26, 2024 10:44:37 AM com.print.Print.controler.business.comunicaTiny.Comunica getSeparacao
INFO: busca de separacao concluida
nov. 26, 2024 10:44:37 AM com.print.Print.controler.business.comunicaTiny.Comunica getSeparacao
INFO: Buscando separacao
nov. 26, 2024 10:44:37 AM com.print.Print.controler.business.comunicaTiny.Comunica getSeparacao
INFO: busca de separacao concluida
nov. 26, 2024 10:44:37 AM com.print.Print.controler.business.comunicaTiny.Comunica getSeparacao
INFO: Buscando separacao
nov. 26, 2024 10:44:37 AM com.print.Print.controler.business.comunicaTiny.Comunica getSeparacao
INFO: busca de separacao concluida
nov. 26, 2024 10:44:37 AM com.print.Print.controler.business.comunicaTiny.Comunica getSeparacao
INFO: Buscando separacao
nov. 26, 2024 10:44:38 AM com.print.Print.controler.business.comunicaTiny.Comunica getSeparacao
INFO: busca de separacao concluida
nov. 26, 2024 10:44:38 AM com.print.Print.controler.business.comunicaTiny.Comunica getSeparacao
INFO: Buscando separacao
nov. 26, 2024 10:44:38 AM com.print.Print.controler.business.comunicaTiny.Comunica getSeparacao
INFO: busca de separacao concluida
nov. 26, 2024 10:44:38 AM com.print.Print.controler.business.comunicaTiny.Comunica getSeparacao
INFO: Buscando separacao
nov. 26, 2024 10:44:39 AM com.print.Print.controler.business.comunicaTiny.Comunica getSeparacao
INFO: busca de separacao concluida
nov. 26, 2024 10:44:39 AM com.print.Print.controler.business.comunicaTiny.Comunica getSeparacao
INFO: Buscando separacao
nov. 26, 2024 10:44:39 AM com.print.Print.controler.business.comunicaTiny.Comunica getSeparacao
INFO: busca de separacao concluida
nov. 26, 2024 10:44:39 AM com.print.Print.controler.business.comunicaTiny.Comunica getSeparacao
INFO: Buscando separacao
nov. 26, 2024 10:44:39 AM com.print.Print.controler.business.comunicaTiny.Comunica getSeparacao
INFO: busca de separacao concluida
nov. 26, 2024 10:44:39 AM com.print.Print.controler.business.comunicaTiny.Comunica getSeparacao
INFO: Buscando separacao
nov. 26, 2024 10:44:40 AM com.print.Print.controler.business.comunicaTiny.Comunica getSeparacao
INFO: busca de separacao concluida
nov. 26, 2024 10:44:40 AM com.print.Print.controler.business.comunicaTiny.Comunica getSeparacao
INFO: Buscando separacao
nov. 26, 2024 10:44:40 AM com.print.Print.controler.business.comunicaTiny.Comunica getSeparacao
INFO: busca de separacao concluida
nov. 26, 2024 10:44:40 AM com.print.Print.controler.business.comunicaTiny.Comunica getExpedicao
INFO: Buscando expedicao
nov. 26, 2024 10:44:40 AM com.print.Print.controler.business.comunicaTiny.Comunica getExpedicao
INFO: Busca de expedicao concluida
nov. 26, 2024 10:44:40 AM com.print.Print.controler.business.comunicaTiny.Comunica getExpedicao
INFO: Buscando expedicao
nov. 26, 2024 10:44:41 AM com.print.Print.controler.business.comunicaTiny.Comunica getExpedicao
INFO: Busca de expedicao concluida
nov. 26, 2024 10:44:41 AM com.print.Print.controler.business.comunicaTiny.Comunica getEtiqueta
INFO: buscando etiqueta
nov. 26, 2024 10:44:41 AM com.print.Print.controler.business.comunicaTiny.Comunica getEtiqueta
INFO: retorno da busca{"retorno":{"status_processamento":"3","status":"OK","links":[{"link":"https:\/\/s3.amazonaws.com\/tiny-tmp-us\/erp\/ODMxNjAxNTQz\/api\/etiquetas\/1e59a1db6c7724a3d404f3646f076b1c.pdf"}]}}
nov. 26, 2024 10:44:48 AM com.print.Print.controler.business.comunicaTiny.Comunica verificaConexao
INFO: verificando conexao
nov. 26, 2024 10:44:48 AM com.print.Print.controler.business.comunicaTiny.Comunica getSeparacao
INFO: Buscando separacao
nov. 26, 2024 10:44:49 AM com.print.Print.controler.business.comunicaTiny.Comunica getSeparacao
INFO: busca de separacao concluida
nov. 26, 2024 10:44:49 AM com.print.Print.controler.business.comunicaTiny.Comunica verificaConexao
INFO: Retorno da buscanull
nov. 26, 2024 10:44:49 AM com.print.Print.controler.business.comunicaTiny.Comunica getSeparacao
INFO: Buscando separacao
nov. 26, 2024 10:44:49 AM com.print.Print.controler.business.comunicaTiny.Comunica getSeparacao
INFO: busca de separacao concluida
nov. 26, 2024 10:44:49 AM com.print.Print.controler.business.comunicaTiny.Comunica getSeparacao
INFO: Buscando separacao
nov. 26, 2024 10:44:49 AM com.print.Print.controler.business.comunicaTiny.Comunica getSeparacao
INFO: busca de separacao concluida
nov. 26, 2024 10:44:49 AM com.print.Print.controler.business.comunicaTiny.Comunica getSeparacao
INFO: Buscando separacao
nov. 26, 2024 10:44:50 AM com.print.Print.controler.business.comunicaTiny.Comunica getSeparacao
INFO: busca de separacao concluida
nov. 26, 2024 10:44:50 AM com.print.Print.controler.business.comunicaTiny.Comunica getSeparacao
INFO: Buscando separacao
nov. 26, 2024 10:44:50 AM com.print.Print.controler.business.comunicaTiny.Comunica getSeparacao
INFO: busca de separacao concluida
nov. 26, 2024 10:44:50 AM com.print.Print.controler.business.comunicaTiny.Comunica getSeparacao
INFO: Buscando separacao
nov. 26, 2024 10:44:50 AM com.print.Print.controler.business.comunicaTiny.Comunica getSeparacao
INFO: busca de separacao concluida
nov. 26, 2024 10:44:50 AM com.print.Print.controler.business.comunicaTiny.Comunica getSeparacao
INFO: Buscando separacao
nov. 26, 2024 10:44:51 AM com.print.Print.controler.business.comunicaTiny.Comunica getSeparacao
INFO: busca de separacao concluida
nov. 26, 2024 10:44:51 AM com.print.Print.controler.business.comunicaTiny.Comunica getSeparacao
INFO: Buscando separacao
nov. 26, 2024 10:44:51 AM com.print.Print.controler.business.comunicaTiny.Comunica getSeparacao
INFO: busca de separacao concluida
nov. 26, 2024 10:44:51 AM com.print.Print.controler.business.comunicaTiny.Comunica getSeparacao
INFO: Buscando separacao
nov. 26, 2024 10:44:52 AM com.print.Print.controler.business.comunicaTiny.Comunica getSeparacao
INFO: busca de separacao concluida
nov. 26, 2024 10:44:52 AM com.print.Print.controler.business.comunicaTiny.Comunica getSeparacao
INFO: Buscando separacao
nov. 26, 2024 10:44:52 AM com.print.Print.controler.business.comunicaTiny.Comunica getSeparacao
INFO: busca de separacao concluida
nov. 26, 2024 10:44:52 AM com.print.Print.controler.business.comunicaTiny.Comunica getSeparacao
INFO: Buscando separacao
nov. 26, 2024 10:44:52 AM com.print.Print.controler.business.comunicaTiny.Comunica getSeparacao
INFO: busca de separacao concluida
nov. 26, 2024 10:44:52 AM com.print.Print.controler.business.comunicaTiny.Comunica getExpedicao
INFO: Buscando expedicao
nov. 26, 2024 10:44:52 AM com.print.Print.controler.business.comunicaTiny.Comunica getExpedicao
INFO: Busca de expedicao concluida
nov. 26, 2024 10:44:57 AM com.print.Print.controler.business.comunicaTiny.Comunica verificaConexao
INFO: verificando conexao
nov. 26, 2024 10:44:57 AM com.print.Print.controler.business.comunicaTiny.Comunica getSeparacao
INFO: Buscando separacao
nov. 26, 2024 10:44:58 AM com.print.Print.controler.business.comunicaTiny.Comunica getSeparacao
INFO: busca de separacao concluida
nov. 26, 2024 10:44:58 AM com.print.Print.controler.business.comunicaTiny.Comunica verificaConexao
INFO: Retorno da buscanull
